mode: atomic
github.com/didww/didww-api-3-go-sdk/examples/exports/main.go:14.13,24.16 5 0
github.com/didww/didww-api-3-go-sdk/examples/exports/main.go:24.16,25.13 1 0
github.com/didww/didww-api-3-go-sdk/examples/exports/main.go:27.2,33.16 5 0
github.com/didww/didww-api-3-go-sdk/examples/exports/main.go:33.16,34.13 1 0
github.com/didww/didww-api-3-go-sdk/examples/exports/main.go:36.2,37.28 2 0
github.com/didww/didww-api-3-go-sdk/examples/exports/main.go:37.28,39.3 1 0
github.com/didww/didww-api-3-go-sdk/examples/capacity_pools/main.go:14.13,21.16 5 0
github.com/didww/didww-api-3-go-sdk/examples/capacity_pools/main.go:21.16,22.13 1 0
github.com/didww/didww-api-3-go-sdk/examples/capacity_pools/main.go:24.2,26.29 2 0
github.com/didww/didww-api-3-go-sdk/examples/capacity_pools/main.go:26.29,33.41 5 0
github.com/didww/didww-api-3-go-sdk/examples/capacity_pools/main.go:33.41,35.48 2 0
github.com/didww/didww-api-3-go-sdk/examples/capacity_pools/main.go:35.48,38.5 1 0
github.com/didww/didww-api-3-go-sdk/examples/capacity_pools/main.go:42.3,42.37 1 0
github.com/didww/didww-api-3-go-sdk/examples/capacity_pools/main.go:42.37,44.44 2 0
github.com/didww/didww-api-3-go-sdk/examples/capacity_pools/main.go:44.44,47.5 1 0
github.com/didww/didww-api-3-go-sdk/examples/dids/main.go:14.13,23.16 5 0
github.com/didww/didww-api-3-go-sdk/examples/dids/main.go:23.16,24.13 1 0
github.com/didww/didww-api-3-go-sdk/examples/dids/main.go:26.2,26.20 1 0
github.com/didww/didww-api-3-go-sdk/examples/dids/main.go:26.20,27.45 1 0
github.com/didww/didww-api-3-go-sdk/examples/dids/main.go:29.2,36.16 4 0
github.com/didww/didww-api-3-go-sdk/examples/dids/main.go:36.16,37.13 1 0
github.com/didww/didww-api-3-go-sdk/examples/dids/main.go:39.2,39.22 1 0
github.com/didww/didww-api-3-go-sdk/examples/dids/main.go:39.22,40.54 1 0
github.com/didww/didww-api-3-go-sdk/examples/dids/main.go:44.2,49.16 5 0
github.com/didww/didww-api-3-go-sdk/examples/dids/main.go:49.16,50.13 1 0
github.com/didww/didww-api-3-go-sdk/examples/dids/main.go:52.2,53.96 1 0
github.com/didww/didww-api-3-go-sdk/examples/did_reservations/main.go:14.13,23.16 5 0
github.com/didww/didww-api-3-go-sdk/examples/did_reservations/main.go:23.16,24.13 1 0
github.com/didww/didww-api-3-go-sdk/examples/did_reservations/main.go:26.2,26.25 1 0
github.com/didww/didww-api-3-go-sdk/examples/did_reservations/main.go:26.25,27.35 1 0
github.com/didww/didww-api-3-go-sdk/examples/did_reservations/main.go:29.2,37.16 4 0
github.com/didww/didww-api-3-go-sdk/examples/did_reservations/main.go:37.16,38.13 1 0
github.com/didww/didww-api-3-go-sdk/examples/did_reservations/main.go:40.2,47.16 6 0
github.com/didww/didww-api-3-go-sdk/examples/did_reservations/main.go:47.16,48.13 1 0
github.com/didww/didww-api-3-go-sdk/examples/did_reservations/main.go:50.2,51.33 2 0
github.com/didww/didww-api-3-go-sdk/examples/did_reservations/main.go:51.33,53.28 2 0
github.com/didww/didww-api-3-go-sdk/examples/did_reservations/main.go:53.28,55.4 1 0
github.com/didww/didww-api-3-go-sdk/examples/did_reservations/main.go:56.3,56.42 1 0
github.com/didww/didww-api-3-go-sdk/examples/did_reservations/main.go:60.2,61.16 2 0
github.com/didww/didww-api-3-go-sdk/examples/did_reservations/main.go:61.16,62.13 1 0
github.com/didww/didww-api-3-go-sdk/examples/did_reservations/main.go:64.2,67.73 2 0
github.com/didww/didww-api-3-go-sdk/examples/did_reservations/main.go:67.73,68.13 1 0
github.com/didww/didww-api-3-go-sdk/examples/did_reservations/main.go:70.2,70.36 1 0
github.com/didww/didww-api-3-go-sdk/examples/did_groups/main.go:14.13,24.16 5 0
github.com/didww/didww-api-3-go-sdk/examples/did_groups/main.go:24.16,25.13 1 0
github.com/didww/didww-api-3-go-sdk/examples/did_groups/main.go:27.2,29.31 2 0
github.com/didww/didww-api-3-go-sdk/examples/did_groups/main.go:29.31,32.3 1 0
github.com/didww/didww-api-3-go-sdk/examples/did_groups/main.go:35.2,35.24 1 0
github.com/didww/didww-api-3-go-sdk/examples/did_groups/main.go:35.24,38.17 3 0
github.com/didww/didww-api-3-go-sdk/examples/did_groups/main.go:38.17,39.14 1 0
github.com/didww/didww-api-3-go-sdk/examples/did_groups/main.go:41.3,41.62 1 0
github.com/didww/didww-api-3-go-sdk/examples/balance/main.go:13.13,17.16 3 0
github.com/didww/didww-api-3-go-sdk/examples/balance/main.go:17.16,18.13 1 0
github.com/didww/didww-api-3-go-sdk/examples/balance/main.go:21.2,23.40 3 0
github.com/didww/didww-api-3-go-sdk/examples/orders_available_dids/main.go:14.13,21.16 5 0
github.com/didww/didww-api-3-go-sdk/examples/orders_available_dids/main.go:21.16,22.13 1 0
github.com/didww/didww-api-3-go-sdk/examples/orders_available_dids/main.go:24.2,24.25 1 0
github.com/didww/didww-api-3-go-sdk/examples/orders_available_dids/main.go:24.25,25.35 1 0
github.com/didww/didww-api-3-go-sdk/examples/orders_available_dids/main.go:27.2,30.67 3 0
github.com/didww/didww-api-3-go-sdk/examples/orders_available_dids/main.go:30.67,31.62 1 0
github.com/didww/didww-api-3-go-sdk/examples/orders_available_dids/main.go:35.2,48.16 3 0
github.com/didww/didww-api-3-go-sdk/examples/orders_available_dids/main.go:48.16,49.13 1 0
github.com/didww/didww-api-3-go-sdk/examples/orders_available_dids/main.go:51.2,51.93 1 0
github.com/didww/didww-api-3-go-sdk/examples/countries/main.go:14.13,20.16 4 0
github.com/didww/didww-api-3-go-sdk/examples/countries/main.go:20.16,21.13 1 0
github.com/didww/didww-api-3-go-sdk/examples/countries/main.go:23.2,23.36 1 0
github.com/didww/didww-api-3-go-sdk/examples/countries/main.go:23.36,25.3 1 0
github.com/didww/didww-api-3-go-sdk/examples/countries/main.go:28.2,32.16 3 0
github.com/didww/didww-api-3-go-sdk/examples/countries/main.go:32.16,33.13 1 0
github.com/didww/didww-api-3-go-sdk/examples/countries/main.go:35.2,38.23 2 0
github.com/didww/didww-api-3-go-sdk/examples/countries/main.go:38.23,40.17 2 0
github.com/didww/didww-api-3-go-sdk/examples/countries/main.go:40.17,41.14 1 0
github.com/didww/didww-api-3-go-sdk/examples/countries/main.go:43.3,43.38 1 0
github.com/didww/didww-api-3-go-sdk/examples/orders/main.go:14.13,20.16 4 0
github.com/didww/didww-api-3-go-sdk/examples/orders/main.go:20.16,21.13 1 0
github.com/didww/didww-api-3-go-sdk/examples/orders/main.go:23.2,23.31 1 0
github.com/didww/didww-api-3-go-sdk/examples/orders/main.go:23.31,25.36 2 0
github.com/didww/didww-api-3-go-sdk/examples/orders/main.go:25.36,27.4 1 0
github.com/didww/didww-api-3-go-sdk/examples/orders/main.go:31.2,35.16 3 0
github.com/didww/didww-api-3-go-sdk/examples/orders/main.go:35.16,36.13 1 0
github.com/didww/didww-api-3-go-sdk/examples/orders/main.go:38.2,38.69 1 0
github.com/didww/didww-api-3-go-sdk/examples/orders/main.go:38.69,39.55 1 0
github.com/didww/didww-api-3-go-sdk/examples/orders/main.go:41.2,55.16 4 0
github.com/didww/didww-api-3-go-sdk/examples/orders/main.go:55.16,56.13 1 0
github.com/didww/didww-api-3-go-sdk/examples/orders/main.go:58.2,61.64 2 0
github.com/didww/didww-api-3-go-sdk/examples/orders/main.go:61.64,62.13 1 0
github.com/didww/didww-api-3-go-sdk/examples/orders/main.go:64.2,64.32 1 0
github.com/didww/didww-api-3-go-sdk/examples/client.go:11.36,13.18 2 0
github.com/didww/didww-api-3-go-sdk/examples/client.go:13.18,16.3 2 0
github.com/didww/didww-api-3-go-sdk/examples/client.go:18.2,19.16 2 0
github.com/didww/didww-api-3-go-sdk/examples/client.go:19.16,22.3 2 0
github.com/didww/didww-api-3-go-sdk/examples/client.go:24.2,24.15 1 0
github.com/didww/didww-api-3-go-sdk/examples/client.go:28.25,30.2 1 0
github.com/didww/didww-api-3-go-sdk/examples/orders_reservation_dids/main.go:14.13,23.16 5 0
github.com/didww/didww-api-3-go-sdk/examples/orders_reservation_dids/main.go:23.16,24.13 1 0
github.com/didww/didww-api-3-go-sdk/examples/orders_reservation_dids/main.go:26.2,26.25 1 0
github.com/didww/didww-api-3-go-sdk/examples/orders_reservation_dids/main.go:26.25,27.35 1 0
github.com/didww/didww-api-3-go-sdk/examples/orders_reservation_dids/main.go:29.2,32.67 3 0
github.com/didww/didww-api-3-go-sdk/examples/orders_reservation_dids/main.go:32.67,33.62 1 0
github.com/didww/didww-api-3-go-sdk/examples/orders_reservation_dids/main.go:35.2,43.16 4 0
github.com/didww/didww-api-3-go-sdk/examples/orders_reservation_dids/main.go:43.16,44.13 1 0
github.com/didww/didww-api-3-go-sdk/examples/orders_reservation_dids/main.go:46.2,61.16 4 0
github.com/didww/didww-api-3-go-sdk/examples/orders_reservation_dids/main.go:61.16,62.13 1 0
github.com/didww/didww-api-3-go-sdk/examples/orders_reservation_dids/main.go:64.2,64.74 1 0
github.com/didww/didww-api-3-go-sdk/examples/orders_capacity/main.go:14.13,20.16 4 0
github.com/didww/didww-api-3-go-sdk/examples/orders_capacity/main.go:20.16,21.13 1 0
github.com/didww/didww-api-3-go-sdk/examples/orders_capacity/main.go:23.2,23.21 1 0
github.com/didww/didww-api-3-go-sdk/examples/orders_capacity/main.go:23.21,24.35 1 0
github.com/didww/didww-api-3-go-sdk/examples/orders_capacity/main.go:26.2,43.16 5 0
github.com/didww/didww-api-3-go-sdk/examples/orders_capacity/main.go:43.16,44.13 1 0
github.com/didww/didww-api-3-go-sdk/examples/orders_capacity/main.go:46.2,46.93 1 0
github.com/didww/didww-api-3-go-sdk/examples/shared_capacity_groups/main.go:15.13,21.16 4 0
github.com/didww/didww-api-3-go-sdk/examples/shared_capacity_groups/main.go:21.16,22.13 1 0
github.com/didww/didww-api-3-go-sdk/examples/shared_capacity_groups/main.go:24.2,24.21 1 0
github.com/didww/didww-api-3-go-sdk/examples/shared_capacity_groups/main.go:24.21,25.35 1 0
github.com/didww/didww-api-3-go-sdk/examples/shared_capacity_groups/main.go:27.2,37.16 4 0
github.com/didww/didww-api-3-go-sdk/examples/shared_capacity_groups/main.go:37.16,38.13 1 0
github.com/didww/didww-api-3-go-sdk/examples/shared_capacity_groups/main.go:40.2,41.87 1 0
github.com/didww/didww-api-3-go-sdk/examples/orders_sku/main.go:14.13,22.16 5 0
github.com/didww/didww-api-3-go-sdk/examples/orders_sku/main.go:22.16,23.13 1 0
github.com/didww/didww-api-3-go-sdk/examples/orders_sku/main.go:25.2,25.69 1 0
github.com/didww/didww-api-3-go-sdk/examples/orders_sku/main.go:25.69,26.55 1 0
github.com/didww/didww-api-3-go-sdk/examples/orders_sku/main.go:29.2,42.16 3 0
github.com/didww/didww-api-3-go-sdk/examples/orders_sku/main.go:42.16,43.13 1 0
github.com/didww/didww-api-3-go-sdk/examples/orders_sku/main.go:45.2,48.28 2 0
github.com/didww/didww-api-3-go-sdk/examples/orders_sku/main.go:48.28,50.3 1 0
github.com/didww/didww-api-3-go-sdk/examples/regions/main.go:14.13,25.16 5 0
github.com/didww/didww-api-3-go-sdk/examples/regions/main.go:25.16,26.13 1 0
github.com/didww/didww-api-3-go-sdk/examples/regions/main.go:28.2,28.33 1 0
github.com/didww/didww-api-3-go-sdk/examples/regions/main.go:28.33,30.3 1 0
github.com/didww/didww-api-3-go-sdk/examples/regions/main.go:33.2,33.22 1 0
github.com/didww/didww-api-3-go-sdk/examples/regions/main.go:33.22,36.17 3 0
github.com/didww/didww-api-3-go-sdk/examples/regions/main.go:36.17,37.14 1 0
github.com/didww/didww-api-3-go-sdk/examples/regions/main.go:39.3,39.37 1 0
github.com/didww/didww-api-3-go-sdk/examples/voice_out_trunks/main.go:19.13,35.16 5 0
github.com/didww/didww-api-3-go-sdk/examples/voice_out_trunks/main.go:35.16,36.13 1 0
github.com/didww/didww-api-3-go-sdk/examples/voice_out_trunks/main.go:38.2,46.16 7 0
github.com/didww/didww-api-3-go-sdk/examples/voice_out_trunks/main.go:46.16,47.13 1 0
github.com/didww/didww-api-3-go-sdk/examples/voice_out_trunks/main.go:49.2,50.27 2 0
github.com/didww/didww-api-3-go-sdk/examples/voice_out_trunks/main.go:50.27,52.3 1 0
github.com/didww/didww-api-3-go-sdk/examples/voice_out_trunks/main.go:55.2,58.16 4 0
github.com/didww/didww-api-3-go-sdk/examples/voice_out_trunks/main.go:58.16,59.13 1 0
github.com/didww/didww-api-3-go-sdk/examples/voice_out_trunks/main.go:61.2,64.72 2 0
github.com/didww/didww-api-3-go-sdk/examples/voice_out_trunks/main.go:64.72,65.13 1 0
github.com/didww/didww-api-3-go-sdk/examples/voice_out_trunks/main.go:67.2,67.40 1 0
github.com/didww/didww-api-3-go-sdk/examples/trunks/main.go:15.13,24.16 5 0
github.com/didww/didww-api-3-go-sdk/examples/trunks/main.go:24.16,25.13 1 0
github.com/didww/didww-api-3-go-sdk/examples/trunks/main.go:27.2,27.31 1 0
github.com/didww/didww-api-3-go-sdk/examples/trunks/main.go:27.31,29.3 1 0
github.com/didww/didww-api-3-go-sdk/examples/trunks/main.go:32.2,62.16 3 0
github.com/didww/didww-api-3-go-sdk/examples/trunks/main.go:62.16,63.13 1 0
github.com/didww/didww-api-3-go-sdk/examples/trunks/main.go:65.2,70.16 4 0
github.com/didww/didww-api-3-go-sdk/examples/trunks/main.go:70.16,71.13 1 0
github.com/didww/didww-api-3-go-sdk/examples/trunks/main.go:73.2,76.71 2 0
github.com/didww/didww-api-3-go-sdk/examples/trunks/main.go:76.71,77.13 1 0
github.com/didww/didww-api-3-go-sdk/examples/trunks/main.go:79.2,90.16 4 0
github.com/didww/didww-api-3-go-sdk/examples/trunks/main.go:90.16,91.13 1 0
github.com/didww/didww-api-3-go-sdk/examples/trunks/main.go:93.2,95.74 2 0
github.com/didww/didww-api-3-go-sdk/examples/trunks/main.go:95.74,97.3 1 0
github.com/didww/didww-api-3-go-sdk/examples/trunks/main.go:100.2,100.75 1 0
github.com/didww/didww-api-3-go-sdk/examples/trunks/main.go:100.75,101.13 1 0
github.com/didww/didww-api-3-go-sdk/examples/trunks/main.go:103.2,103.35 1 0
github.com/didww/didww-api-3-go-sdk/examples/upload_encrypted_file/main.go:20.13,28.20 6 0
github.com/didww/didww-api-3-go-sdk/examples/upload_encrypted_file/main.go:28.20,32.3 3 0
github.com/didww/didww-api-3-go-sdk/examples/upload_encrypted_file/main.go:32.8,35.17 3 0
github.com/didww/didww-api-3-go-sdk/examples/upload_encrypted_file/main.go:35.17,38.4 2 0
github.com/didww/didww-api-3-go-sdk/examples/upload_encrypted_file/main.go:39.3,39.41 1 0
github.com/didww/didww-api-3-go-sdk/examples/upload_encrypted_file/main.go:41.2,45.16 3 0
github.com/didww/didww-api-3-go-sdk/examples/upload_encrypted_file/main.go:45.16,48.3 2 0
github.com/didww/didww-api-3-go-sdk/examples/upload_encrypted_file/main.go:49.2,53.16 3 0
github.com/didww/didww-api-3-go-sdk/examples/upload_encrypted_file/main.go:53.16,56.3 2 0
github.com/didww/didww-api-3-go-sdk/examples/upload_encrypted_file/main.go:57.2,67.16 3 0
github.com/didww/didww-api-3-go-sdk/examples/upload_encrypted_file/main.go:67.16,70.3 2 0
github.com/didww/didww-api-3-go-sdk/examples/upload_encrypted_file/main.go:71.2,71.54 1 0
github.com/didww/didww-api-3-go-sdk/examples/voice_in_trunk_groups/main.go:16.13,21.57 3 0
github.com/didww/didww-api-3-go-sdk/examples/voice_in_trunk_groups/main.go:21.57,39.3 1 0
github.com/didww/didww-api-3-go-sdk/examples/voice_in_trunk_groups/main.go:41.2,48.16 3 0
github.com/didww/didww-api-3-go-sdk/examples/voice_in_trunk_groups/main.go:48.16,49.13 1 0
github.com/didww/didww-api-3-go-sdk/examples/voice_in_trunk_groups/main.go:51.2,57.16 3 0
github.com/didww/didww-api-3-go-sdk/examples/voice_in_trunk_groups/main.go:57.16,58.13 1 0
github.com/didww/didww-api-3-go-sdk/examples/voice_in_trunk_groups/main.go:60.2,68.16 3 0
github.com/didww/didww-api-3-go-sdk/examples/voice_in_trunk_groups/main.go:68.16,69.13 1 0
github.com/didww/didww-api-3-go-sdk/examples/voice_in_trunk_groups/main.go:71.2,76.16 4 0
github.com/didww/didww-api-3-go-sdk/examples/voice_in_trunk_groups/main.go:76.16,77.13 1 0
github.com/didww/didww-api-3-go-sdk/examples/voice_in_trunk_groups/main.go:79.2,80.27 2 0
github.com/didww/didww-api-3-go-sdk/examples/voice_in_trunk_groups/main.go:80.27,83.3 2 0
github.com/didww/didww-api-3-go-sdk/examples/voice_in_trunk_groups/main.go:86.2,88.16 3 0
github.com/didww/didww-api-3-go-sdk/examples/voice_in_trunk_groups/main.go:88.16,89.13 1 0
github.com/didww/didww-api-3-go-sdk/examples/voice_in_trunk_groups/main.go:91.2,94.74 2 0
github.com/didww/didww-api-3-go-sdk/examples/voice_in_trunk_groups/main.go:94.74,95.13 1 0
github.com/didww/didww-api-3-go-sdk/examples/voice_in_trunk_groups/main.go:97.2,97.57 1 0
github.com/didww/didww-api-3-go-sdk/client.go:20.52,21.25 1 2
github.com/didww/didww-api-3-go-sdk/client.go:21.25,23.3 1 2
github.com/didww/didww-api-3-go-sdk/client.go:27.43,28.25 1 94
github.com/didww/didww-api-3-go-sdk/client.go:28.25,30.3 1 94
github.com/didww/didww-api-3-go-sdk/client.go:34.39,35.25 1 2
github.com/didww/didww-api-3-go-sdk/client.go:35.25,37.3 1 2
github.com/didww/didww-api-3-go-sdk/client.go:41.59,42.25 1 0
github.com/didww/didww-api-3-go-sdk/client.go:42.25,44.3 1 0
github.com/didww/didww-api-3-go-sdk/client.go:48.70,49.18 1 101
github.com/didww/didww-api-3-go-sdk/client.go:49.18,51.3 1 1
github.com/didww/didww-api-3-go-sdk/client.go:53.2,59.27 2 100
github.com/didww/didww-api-3-go-sdk/client.go:59.27,61.3 1 98
github.com/didww/didww-api-3-go-sdk/client.go:63.2,63.15 1 100
github.com/didww/didww-api-3-go-sdk/client.go:67.35,69.2 1 4
github.com/didww/didww-api-3-go-sdk/client.go:72.34,74.2 1 1
github.com/didww/didww-api-3-go-sdk/client.go:78.58,80.2 1 3
github.com/didww/didww-api-3-go-sdk/client.go:82.51,84.2 1 6
github.com/didww/didww-api-3-go-sdk/client.go:86.48,88.2 1 2
github.com/didww/didww-api-3-go-sdk/client.go:90.45,92.2 1 2
github.com/didww/didww-api-3-go-sdk/client.go:94.44,96.2 1 2
github.com/didww/didww-api-3-go-sdk/client.go:98.42,100.2 1 1
github.com/didww/didww-api-3-go-sdk/client.go:102.60,104.2 1 5
github.com/didww/didww-api-3-go-sdk/client.go:106.70,108.2 1 3
github.com/didww/didww-api-3-go-sdk/client.go:110.62,112.2 1 4
github.com/didww/didww-api-3-go-sdk/client.go:114.42,116.2 1 5
github.com/didww/didww-api-3-go-sdk/client.go:118.52,120.2 1 2
github.com/didww/didww-api-3-go-sdk/client.go:122.60,124.2 1 2
github.com/didww/didww-api-3-go-sdk/client.go:126.64,128.2 1 4
github.com/didww/didww-api-3-go-sdk/client.go:130.60,132.2 1 3
github.com/didww/didww-api-3-go-sdk/client.go:134.46,136.2 1 8
github.com/didww/didww-api-3-go-sdk/client.go:138.53,140.2 1 3
github.com/didww/didww-api-3-go-sdk/client.go:142.51,144.2 1 3
github.com/didww/didww-api-3-go-sdk/client.go:146.74,148.2 1 2
github.com/didww/didww-api-3-go-sdk/client.go:150.46,152.2 1 5
github.com/didww/didww-api-3-go-sdk/client.go:154.54,156.2 1 1
github.com/didww/didww-api-3-go-sdk/client.go:158.58,160.2 1 2
github.com/didww/didww-api-3-go-sdk/client.go:162.78,164.2 1 2
github.com/didww/didww-api-3-go-sdk/client.go:166.48,168.2 1 3
github.com/didww/didww-api-3-go-sdk/client.go:170.60,172.2 1 3
github.com/didww/didww-api-3-go-sdk/client.go:174.74,176.2 1 4
github.com/didww/didww-api-3-go-sdk/client.go:178.63,180.2 1 2
github.com/didww/didww-api-3-go-sdk/client.go:182.62,184.2 1 3
github.com/didww/didww-api-3-go-sdk/client.go:186.88,188.2 1 1
github.com/didww/didww-api-3-go-sdk/client.go:190.90,192.2 1 2
github.com/didww/didww-api-3-go-sdk/client.go:194.59,196.2 1 2
github.com/didww/didww-api-3-go-sdk/client.go:198.102,200.2 1 1
github.com/didww/didww-api-3-go-sdk/encrypt.go:35.72,37.37 2 1
github.com/didww/didww-api-3-go-sdk/encrypt.go:37.37,39.3 1 0
github.com/didww/didww-api-3-go-sdk/encrypt.go:40.2,40.15 1 1
github.com/didww/didww-api-3-go-sdk/encrypt.go:44.52,46.16 2 1
github.com/didww/didww-api-3-go-sdk/encrypt.go:46.16,48.3 1 0
github.com/didww/didww-api-3-go-sdk/encrypt.go:50.2,57.56 2 1
github.com/didww/didww-api-3-go-sdk/encrypt.go:57.56,59.3 1 0
github.com/didww/didww-api-3-go-sdk/encrypt.go:60.2,60.28 1 1
github.com/didww/didww-api-3-go-sdk/encrypt.go:60.28,62.3 1 0
github.com/didww/didww-api-3-go-sdk/encrypt.go:64.2,66.12 3 1
github.com/didww/didww-api-3-go-sdk/encrypt.go:70.40,72.2 1 1
github.com/didww/didww-api-3-go-sdk/encrypt.go:75.56,77.2 1 0
github.com/didww/didww-api-3-go-sdk/encrypt.go:81.82,84.45 2 3
github.com/didww/didww-api-3-go-sdk/encrypt.go:84.45,86.3 1 0
github.com/didww/didww-api-3-go-sdk/encrypt.go:87.2,88.44 2 3
github.com/didww/didww-api-3-go-sdk/encrypt.go:88.44,90.3 1 0
github.com/didww/didww-api-3-go-sdk/encrypt.go:93.2,94.16 2 3
github.com/didww/didww-api-3-go-sdk/encrypt.go:94.16,96.3 1 0
github.com/didww/didww-api-3-go-sdk/encrypt.go:97.2,108.16 8 3
github.com/didww/didww-api-3-go-sdk/encrypt.go:108.16,110.3 1 0
github.com/didww/didww-api-3-go-sdk/encrypt.go:111.2,112.16 2 3
github.com/didww/didww-api-3-go-sdk/encrypt.go:112.16,114.3 1 0
github.com/didww/didww-api-3-go-sdk/encrypt.go:117.2,121.20 5 3
github.com/didww/didww-api-3-go-sdk/encrypt.go:126.65,128.2 1 4
github.com/didww/didww-api-3-go-sdk/encrypt.go:132.142,136.93 3 1
github.com/didww/didww-api-3-go-sdk/encrypt.go:136.93,138.3 1 0
github.com/didww/didww-api-3-go-sdk/encrypt.go:139.2,139.91 1 1
github.com/didww/didww-api-3-go-sdk/encrypt.go:139.91,141.3 1 0
github.com/didww/didww-api-3-go-sdk/encrypt.go:142.2,143.16 2 1
github.com/didww/didww-api-3-go-sdk/encrypt.go:143.16,145.3 1 0
github.com/didww/didww-api-3-go-sdk/encrypt.go:146.2,146.53 1 1
github.com/didww/didww-api-3-go-sdk/encrypt.go:146.53,148.3 1 0
github.com/didww/didww-api-3-go-sdk/encrypt.go:149.2,149.34 1 1
github.com/didww/didww-api-3-go-sdk/encrypt.go:149.34,151.3 1 0
github.com/didww/didww-api-3-go-sdk/encrypt.go:153.2,155.16 3 1
github.com/didww/didww-api-3-go-sdk/encrypt.go:155.16,157.3 1 0
github.com/didww/didww-api-3-go-sdk/encrypt.go:158.2,163.16 5 1
github.com/didww/didww-api-3-go-sdk/encrypt.go:163.16,165.3 1 0
github.com/didww/didww-api-3-go-sdk/encrypt.go:166.2,169.16 3 1
github.com/didww/didww-api-3-go-sdk/encrypt.go:169.16,171.3 1 0
github.com/didww/didww-api-3-go-sdk/encrypt.go:173.2,173.28 1 1
github.com/didww/didww-api-3-go-sdk/encrypt.go:173.28,175.3 1 0
github.com/didww/didww-api-3-go-sdk/encrypt.go:177.2,180.54 2 1
github.com/didww/didww-api-3-go-sdk/encrypt.go:180.54,182.3 1 0
github.com/didww/didww-api-3-go-sdk/encrypt.go:183.2,183.23 1 1
github.com/didww/didww-api-3-go-sdk/encrypt.go:183.23,185.3 1 0
github.com/didww/didww-api-3-go-sdk/encrypt.go:186.2,186.24 1 1
github.com/didww/didww-api-3-go-sdk/encrypt.go:189.71,191.18 2 6
github.com/didww/didww-api-3-go-sdk/encrypt.go:191.18,193.3 1 0
github.com/didww/didww-api-3-go-sdk/encrypt.go:194.2,195.16 2 6
github.com/didww/didww-api-3-go-sdk/encrypt.go:195.16,197.3 1 0
github.com/didww/didww-api-3-go-sdk/encrypt.go:198.2,199.9 2 6
github.com/didww/didww-api-3-go-sdk/encrypt.go:199.9,201.3 1 0
github.com/didww/didww-api-3-go-sdk/encrypt.go:202.2,202.70 1 6
github.com/didww/didww-api-3-go-sdk/encrypt.go:205.49,212.18 6 8
github.com/didww/didww-api-3-go-sdk/encrypt.go:212.18,214.3 1 0
github.com/didww/didww-api-3-go-sdk/encrypt.go:215.2,216.38 2 8
github.com/didww/didww-api-3-go-sdk/encrypt.go:219.53,221.41 2 14
github.com/didww/didww-api-3-go-sdk/encrypt.go:221.41,223.3 1 0
github.com/didww/didww-api-3-go-sdk/encrypt.go:224.2,224.10 1 14
github.com/didww/didww-api-3-go-sdk/encrypt.go:227.50,231.2 3 3
github.com/didww/didww-api-3-go-sdk/errors.go:29.35,31.31 2 1
github.com/didww/didww-api-3-go-sdk/errors.go:31.31,33.24 2 1
github.com/didww/didww-api-3-go-sdk/errors.go:33.24,35.4 1 0
github.com/didww/didww-api-3-go-sdk/errors.go:37.2,37.97 1 1
github.com/didww/didww-api-3-go-sdk/errors.go:45.38,47.2 1 1
github.com/didww/didww-api-3-go-sdk/errors.go:50.69,51.20 1 10
github.com/didww/didww-api-3-go-sdk/errors.go:51.20,53.3 1 1
github.com/didww/didww-api-3-go-sdk/errors.go:55.2,58.55 2 9
github.com/didww/didww-api-3-go-sdk/errors.go:58.55,60.3 1 1
github.com/didww/didww-api-3-go-sdk/errors.go:62.2,65.8 1 8
github.com/didww/didww-api-3-go-sdk/jsonapi.go:49.60,51.2 1 21
github.com/didww/didww-api-3-go-sdk/jsonapi.go:54.64,56.2 1 7
github.com/didww/didww-api-3-go-sdk/jsonapi.go:59.76,63.54 2 151
github.com/didww/didww-api-3-go-sdk/jsonapi.go:63.54,65.3 1 0
github.com/didww/didww-api-3-go-sdk/jsonapi.go:66.2,66.26 1 151
github.com/didww/didww-api-3-go-sdk/jsonapi.go:70.78,74.54 2 34
github.com/didww/didww-api-3-go-sdk/jsonapi.go:74.54,76.3 1 0
github.com/didww/didww-api-3-go-sdk/jsonapi.go:77.2,77.26 1 34
github.com/didww/didww-api-3-go-sdk/jsonapi.go:81.112,83.9 2 165
github.com/didww/didww-api-3-go-sdk/jsonapi.go:83.9,85.3 1 26
github.com/didww/didww-api-3-go-sdk/jsonapi.go:86.2,87.16 2 139
github.com/didww/didww-api-3-go-sdk/jsonapi.go:87.16,89.3 1 0
github.com/didww/didww-api-3-go-sdk/jsonapi.go:90.2,90.16 1 139
github.com/didww/didww-api-3-go-sdk/jsonapi.go:90.16,92.3 1 102
github.com/didww/didww-api-3-go-sdk/jsonapi.go:93.2,95.9 3 37
github.com/didww/didww-api-3-go-sdk/jsonapi.go:95.9,97.3 1 0
github.com/didww/didww-api-3-go-sdk/jsonapi.go:98.2,98.59 1 37
github.com/didww/didww-api-3-go-sdk/jsonapi.go:102.115,104.9 2 34
github.com/didww/didww-api-3-go-sdk/jsonapi.go:104.9,106.3 1 0
github.com/didww/didww-api-3-go-sdk/jsonapi.go:107.2,108.16 2 34
github.com/didww/didww-api-3-go-sdk/jsonapi.go:108.16,110.3 1 0
github.com/didww/didww-api-3-go-sdk/jsonapi.go:111.2,111.20 1 34
github.com/didww/didww-api-3-go-sdk/jsonapi.go:111.20,113.3 1 18
github.com/didww/didww-api-3-go-sdk/jsonapi.go:114.2,115.27 2 16
github.com/didww/didww-api-3-go-sdk/jsonapi.go:115.27,118.10 3 110
github.com/didww/didww-api-3-go-sdk/jsonapi.go:118.10,119.12 1 0
github.com/didww/didww-api-3-go-sdk/jsonapi.go:121.3,122.17 2 110
github.com/didww/didww-api-3-go-sdk/jsonapi.go:122.17,124.4 1 0
github.com/didww/didww-api-3-go-sdk/jsonapi.go:125.3,125.34 1 110
github.com/didww/didww-api-3-go-sdk/jsonapi.go:127.2,127.21 1 16
github.com/didww/didww-api-3-go-sdk/jsonapi.go:131.68,132.44 1 77
github.com/didww/didww-api-3-go-sdk/jsonapi.go:132.44,134.3 1 49
github.com/didww/didww-api-3-go-sdk/jsonapi.go:135.2,136.56 2 28
github.com/didww/didww-api-3-go-sdk/jsonapi.go:136.56,138.3 1 0
github.com/didww/didww-api-3-go-sdk/jsonapi.go:139.2,140.35 2 28
github.com/didww/didww-api-3-go-sdk/jsonapi.go:140.35,145.54 2 144
github.com/didww/didww-api-3-go-sdk/jsonapi.go:145.54,147.4 1 0
github.com/didww/didww-api-3-go-sdk/jsonapi.go:148.3,149.25 2 144
github.com/didww/didww-api-3-go-sdk/jsonapi.go:151.2,151.22 1 28
github.com/didww/didww-api-3-go-sdk/jsonapi.go:155.51,157.51 2 50
github.com/didww/didww-api-3-go-sdk/jsonapi.go:157.51,159.3 1 0
github.com/didww/didww-api-3-go-sdk/jsonapi.go:161.2,161.54 1 50
github.com/didww/didww-api-3-go-sdk/jsonapi.go:161.54,163.3 1 0
github.com/didww/didww-api-3-go-sdk/jsonapi.go:165.2,166.16 2 50
github.com/didww/didww-api-3-go-sdk/jsonapi.go:166.16,168.3 1 0
github.com/didww/didww-api-3-go-sdk/jsonapi.go:171.2,171.24 1 50
github.com/didww/didww-api-3-go-sdk/jsonapi.go:171.24,173.3 1 3
github.com/didww/didww-api-3-go-sdk/jsonapi.go:175.2,175.61 1 47
github.com/didww/didww-api-3-go-sdk/jsonapi.go:179.54,181.51 2 27
github.com/didww/didww-api-3-go-sdk/jsonapi.go:181.51,183.3 1 0
github.com/didww/didww-api-3-go-sdk/jsonapi.go:185.2,185.54 1 27
github.com/didww/didww-api-3-go-sdk/jsonapi.go:185.54,187.3 1 0
github.com/didww/didww-api-3-go-sdk/jsonapi.go:189.2,190.16 2 27
github.com/didww/didww-api-3-go-sdk/jsonapi.go:190.16,192.3 1 0
github.com/didww/didww-api-3-go-sdk/jsonapi.go:195.2,195.24 1 27
github.com/didww/didww-api-3-go-sdk/jsonapi.go:195.24,197.17 2 0
github.com/didww/didww-api-3-go-sdk/jsonapi.go:197.17,199.4 1 0
github.com/didww/didww-api-3-go-sdk/jsonapi.go:200.3,200.25 1 0
github.com/didww/didww-api-3-go-sdk/jsonapi.go:203.2,204.64 2 27
github.com/didww/didww-api-3-go-sdk/jsonapi.go:204.64,206.3 1 0
github.com/didww/didww-api-3-go-sdk/jsonapi.go:208.2,209.35 2 27
github.com/didww/didww-api-3-go-sdk/jsonapi.go:209.35,211.17 2 984
github.com/didww/didww-api-3-go-sdk/jsonapi.go:211.17,213.4 1 0
github.com/didww/didww-api-3-go-sdk/jsonapi.go:214.3,214.34 1 984
github.com/didww/didww-api-3-go-sdk/jsonapi.go:217.2,217.21 1 27
github.com/didww/didww-api-3-go-sdk/jsonapi.go:221.96,223.51 2 1181
github.com/didww/didww-api-3-go-sdk/jsonapi.go:223.51,225.3 1 0
github.com/didww/didww-api-3-go-sdk/jsonapi.go:227.2,228.65 2 1181
github.com/didww/didww-api-3-go-sdk/jsonapi.go:228.65,229.65 1 1179
github.com/didww/didww-api-3-go-sdk/jsonapi.go:229.65,231.4 1 0
github.com/didww/didww-api-3-go-sdk/jsonapi.go:234.2,237.32 2 1181
github.com/didww/didww-api-3-go-sdk/jsonapi.go:237.32,238.59 1 332
github.com/didww/didww-api-3-go-sdk/jsonapi.go:238.59,239.71 1 6
github.com/didww/didww-api-3-go-sdk/jsonapi.go:239.71,241.5 1 0
github.com/didww/didww-api-3-go-sdk/jsonapi.go:246.2,246.53 1 1181
github.com/didww/didww-api-3-go-sdk/jsonapi.go:246.53,247.56 1 92
github.com/didww/didww-api-3-go-sdk/jsonapi.go:247.56,248.79 1 92
github.com/didww/didww-api-3-go-sdk/jsonapi.go:248.79,250.5 1 0
github.com/didww/didww-api-3-go-sdk/jsonapi.go:254.2,254.21 1 1181
github.com/didww/didww-api-3-go-sdk/jsonapi.go:258.102,260.60 2 3
github.com/didww/didww-api-3-go-sdk/jsonapi.go:260.60,262.3 1 0
github.com/didww/didww-api-3-go-sdk/jsonapi.go:264.2,264.28 1 3
github.com/didww/didww-api-3-go-sdk/jsonapi.go:264.28,266.3 1 0
github.com/didww/didww-api-3-go-sdk/jsonapi.go:268.2,268.68 1 3
github.com/didww/didww-api-3-go-sdk/jsonapi.go:272.37,274.29 2 1181
github.com/didww/didww-api-3-go-sdk/jsonapi.go:274.29,276.3 1 1181
github.com/didww/didww-api-3-go-sdk/jsonapi.go:277.2,277.32 1 1181
github.com/didww/didww-api-3-go-sdk/jsonapi.go:277.32,279.3 1 0
github.com/didww/didww-api-3-go-sdk/jsonapi.go:280.2,281.61 2 1181
github.com/didww/didww-api-3-go-sdk/jsonapi.go:281.61,283.3 1 1181
github.com/didww/didww-api-3-go-sdk/jsonapi.go:287.33,289.29 2 31
github.com/didww/didww-api-3-go-sdk/jsonapi.go:289.29,291.3 1 31
github.com/didww/didww-api-3-go-sdk/jsonapi.go:292.2,292.32 1 31
github.com/didww/didww-api-3-go-sdk/jsonapi.go:292.32,294.3 1 0
github.com/didww/didww-api-3-go-sdk/jsonapi.go:295.2,296.47 2 31
github.com/didww/didww-api-3-go-sdk/jsonapi.go:296.47,298.3 1 31
github.com/didww/didww-api-3-go-sdk/jsonapi.go:299.2,299.11 1 0
github.com/didww/didww-api-3-go-sdk/jsonapi.go:304.73,306.16 2 28
github.com/didww/didww-api-3-go-sdk/jsonapi.go:306.16,308.3 1 0
github.com/didww/didww-api-3-go-sdk/jsonapi.go:310.2,317.14 3 28
github.com/didww/didww-api-3-go-sdk/jsonapi.go:317.14,319.3 1 2
github.com/didww/didww-api-3-go-sdk/jsonapi.go:322.2,322.52 1 28
github.com/didww/didww-api-3-go-sdk/jsonapi.go:322.52,324.17 2 14
github.com/didww/didww-api-3-go-sdk/jsonapi.go:324.17,326.4 1 0
github.com/didww/didww-api-3-go-sdk/jsonapi.go:327.3,327.20 1 14
github.com/didww/didww-api-3-go-sdk/jsonapi.go:327.20,329.4 1 14
github.com/didww/didww-api-3-go-sdk/jsonapi.go:332.2,332.51 1 28
github.com/didww/didww-api-3-go-sdk/jsonapi.go:337.57,341.22 2 36
github.com/didww/didww-api-3-go-sdk/jsonapi.go:341.22,344.3 1 3
github.com/didww/didww-api-3-go-sdk/jsonapi.go:347.2,348.16 2 33
github.com/didww/didww-api-3-go-sdk/jsonapi.go:348.16,350.3 1 0
github.com/didww/didww-api-3-go-sdk/jsonapi.go:351.2,352.48 2 33
github.com/didww/didww-api-3-go-sdk/jsonapi.go:352.48,354.3 1 0
github.com/didww/didww-api-3-go-sdk/jsonapi.go:355.2,355.29 1 33
github.com/didww/didww-api-3-go-sdk/jsonapi.go:355.29,357.3 1 138
github.com/didww/didww-api-3-go-sdk/jsonapi.go:358.2,358.24 1 33
github.com/didww/didww-api-3-go-sdk/jsonapi.go:362.42,364.29 2 36
github.com/didww/didww-api-3-go-sdk/jsonapi.go:364.29,366.3 1 28
github.com/didww/didww-api-3-go-sdk/jsonapi.go:367.2,368.32 2 36
github.com/didww/didww-api-3-go-sdk/jsonapi.go:368.32,370.3 1 0
github.com/didww/didww-api-3-go-sdk/jsonapi.go:371.2,372.36 2 36
github.com/didww/didww-api-3-go-sdk/jsonapi.go:372.36,374.37 2 395
github.com/didww/didww-api-3-go-sdk/jsonapi.go:374.37,376.39 2 138
github.com/didww/didww-api-3-go-sdk/jsonapi.go:376.39,377.13 1 0
github.com/didww/didww-api-3-go-sdk/jsonapi.go:380.4,381.33 2 138
github.com/didww/didww-api-3-go-sdk/jsonapi.go:381.33,382.51 1 138
github.com/didww/didww-api-3-go-sdk/jsonapi.go:382.51,384.6 1 138
github.com/didww/didww-api-3-go-sdk/jsonapi.go:386.4,386.29 1 138
github.com/didww/didww-api-3-go-sdk/jsonapi.go:389.2,389.13 1 36
github.com/didww/didww-api-3-go-sdk/jsonapi.go:393.37,394.32 1 138
github.com/didww/didww-api-3-go-sdk/jsonapi.go:394.32,395.20 1 1334
github.com/didww/didww-api-3-go-sdk/jsonapi.go:395.20,397.4 1 32
github.com/didww/didww-api-3-go-sdk/jsonapi.go:399.2,399.12 1 106
github.com/didww/didww-api-3-go-sdk/query_params.go:15.36,17.2 1 32
github.com/didww/didww-api-3-go-sdk/query_params.go:20.62,23.2 2 8
github.com/didww/didww-api-3-go-sdk/query_params.go:27.59,30.2 2 7
github.com/didww/didww-api-3-go-sdk/query_params.go:33.65,36.2 2 20
github.com/didww/didww-api-3-go-sdk/query_params.go:39.59,43.2 3 5
github.com/didww/didww-api-3-go-sdk/query_params.go:46.82,49.2 2 5
github.com/didww/didww-api-3-go-sdk/query_params.go:53.39,58.2 4 31
github.com/didww/didww-api-3-go-sdk/repository.go:20.86,22.16 2 27
github.com/didww/didww-api-3-go-sdk/repository.go:22.16,24.3 1 0
github.com/didww/didww-api-3-go-sdk/repository.go:25.2,25.31 1 27
github.com/didww/didww-api-3-go-sdk/repository.go:29.98,32.21 3 21
github.com/didww/didww-api-3-go-sdk/repository.go:32.21,34.3 1 14
github.com/didww/didww-api-3-go-sdk/repository.go:35.2,36.16 2 21
github.com/didww/didww-api-3-go-sdk/repository.go:36.16,38.3 1 1
github.com/didww/didww-api-3-go-sdk/repository.go:39.2,39.30 1 20
github.com/didww/didww-api-3-go-sdk/repository.go:43.78,45.16 2 26
github.com/didww/didww-api-3-go-sdk/repository.go:45.16,47.3 1 0
github.com/didww/didww-api-3-go-sdk/repository.go:48.2,49.16 2 26
github.com/didww/didww-api-3-go-sdk/repository.go:49.16,51.3 1 2
github.com/didww/didww-api-3-go-sdk/repository.go:52.2,52.30 1 24
github.com/didww/didww-api-3-go-sdk/repository.go:56.78,58.14 2 3
github.com/didww/didww-api-3-go-sdk/repository.go:58.14,60.3 1 1
github.com/didww/didww-api-3-go-sdk/repository.go:61.2,63.16 3 2
github.com/didww/didww-api-3-go-sdk/repository.go:63.16,65.3 1 0
github.com/didww/didww-api-3-go-sdk/repository.go:66.2,67.16 2 2
github.com/didww/didww-api-3-go-sdk/repository.go:67.16,69.3 1 0
github.com/didww/didww-api-3-go-sdk/repository.go:70.2,70.30 1 2
github.com/didww/didww-api-3-go-sdk/repository.go:74.70,78.2 3 9
github.com/didww/didww-api-3-go-sdk/repository.go:87.72,89.16 2 5
github.com/didww/didww-api-3-go-sdk/repository.go:89.16,91.3 1 1
github.com/didww/didww-api-3-go-sdk/repository.go:92.2,92.30 1 4
github.com/didww/didww-api-3-go-sdk/repository.go:98.123,101.19 2 91
github.com/didww/didww-api-3-go-sdk/repository.go:101.19,103.20 2 16
github.com/didww/didww-api-3-go-sdk/repository.go:103.20,105.4 1 16
github.com/didww/didww-api-3-go-sdk/repository.go:108.2,109.20 2 91
github.com/didww/didww-api-3-go-sdk/repository.go:109.20,111.3 1 28
github.com/didww/didww-api-3-go-sdk/repository.go:113.2,114.16 2 91
github.com/didww/didww-api-3-go-sdk/repository.go:114.16,116.3 1 0
github.com/didww/didww-api-3-go-sdk/repository.go:119.2,124.44 4 91
github.com/didww/didww-api-3-go-sdk/repository.go:124.44,126.3 1 88
github.com/didww/didww-api-3-go-sdk/repository.go:128.2,129.16 2 91
github.com/didww/didww-api-3-go-sdk/repository.go:129.16,131.3 1 0
github.com/didww/didww-api-3-go-sdk/repository.go:132.2,135.16 3 91
github.com/didww/didww-api-3-go-sdk/repository.go:135.16,137.3 1 0
github.com/didww/didww-api-3-go-sdk/repository.go:140.2,140.28 1 91
github.com/didww/didww-api-3-go-sdk/repository.go:140.28,142.22 2 4
github.com/didww/didww-api-3-go-sdk/repository.go:142.22,147.4 1 0
github.com/didww/didww-api-3-go-sdk/repository.go:148.3,148.21 1 4
github.com/didww/didww-api-3-go-sdk/repository.go:152.2,152.45 1 87
github.com/didww/didww-api-3-go-sdk/repository.go:152.45,154.3 1 9
github.com/didww/didww-api-3-go-sdk/repository.go:156.2,156.18 1 78
github.com/didww/didww-api-3-go-sdk/repository.go:160.51,162.37 2 92
github.com/didww/didww-api-3-go-sdk/repository.go:162.37,164.3 1 92
github.com/didww/didww-api-3-go-sdk/repository.go:165.2,165.30 1 92
github.com/didww/didww-api-3-go-sdk/resources.go:28.107,29.82 1 9
github.com/didww/didww-api-3-go-sdk/resources.go:29.82,31.3 1 0
github.com/didww/didww-api-3-go-sdk/resources.go:31.8,31.27 1 9
github.com/didww/didww-api-3-go-sdk/resources.go:31.27,33.3 1 1
github.com/didww/didww-api-3-go-sdk/resources.go:34.2,34.12 1 9
github.com/didww/didww-api-3-go-sdk/resources.go:47.106,48.82 1 12
github.com/didww/didww-api-3-go-sdk/resources.go:48.82,50.3 1 0
github.com/didww/didww-api-3-go-sdk/resources.go:50.8,50.27 1 12
github.com/didww/didww-api-3-go-sdk/resources.go:50.27,52.3 1 1
github.com/didww/didww-api-3-go-sdk/resources.go:53.2,53.12 1 12
github.com/didww/didww-api-3-go-sdk/resources.go:67.104,68.82 1 2
github.com/didww/didww-api-3-go-sdk/resources.go:68.82,70.3 1 0
github.com/didww/didww-api-3-go-sdk/resources.go:70.8,70.27 1 2
github.com/didww/didww-api-3-go-sdk/resources.go:70.27,72.3 1 1
github.com/didww/didww-api-3-go-sdk/resources.go:73.2,73.79 1 2
github.com/didww/didww-api-3-go-sdk/resources.go:73.79,75.3 1 0
github.com/didww/didww-api-3-go-sdk/resources.go:75.8,75.26 1 2
github.com/didww/didww-api-3-go-sdk/resources.go:75.26,77.3 1 1
github.com/didww/didww-api-3-go-sdk/resources.go:78.2,78.73 1 2
github.com/didww/didww-api-3-go-sdk/resources.go:78.73,80.3 1 0
github.com/didww/didww-api-3-go-sdk/resources.go:80.8,80.24 1 2
github.com/didww/didww-api-3-go-sdk/resources.go:80.24,82.3 1 0
github.com/didww/didww-api-3-go-sdk/resources.go:83.2,83.12 1 2
github.com/didww/didww-api-3-go-sdk/resources.go:95.104,96.82 1 1
github.com/didww/didww-api-3-go-sdk/resources.go:96.82,98.3 1 0
github.com/didww/didww-api-3-go-sdk/resources.go:98.8,98.27 1 1
github.com/didww/didww-api-3-go-sdk/resources.go:98.27,100.3 1 1
github.com/didww/didww-api-3-go-sdk/resources.go:101.2,101.12 1 1
github.com/didww/didww-api-3-go-sdk/resources.go:120.56,120.88 1 1
github.com/didww/didww-api-3-go-sdk/resources.go:157.55,157.86 1 1
github.com/didww/didww-api-3-go-sdk/resources.go:160.71,165.51 2 8
github.com/didww/didww-api-3-go-sdk/resources.go:165.51,167.3 1 0
github.com/didww/didww-api-3-go-sdk/resources.go:168.2,168.18 1 8
github.com/didww/didww-api-3-go-sdk/resources.go:169.29,171.62 2 3
github.com/didww/didww-api-3-go-sdk/resources.go:171.62,173.4 1 0
github.com/didww/didww-api-3-go-sdk/resources.go:174.3,174.19 1 3
github.com/didww/didww-api-3-go-sdk/resources.go:175.28,177.62 2 5
github.com/didww/didww-api-3-go-sdk/resources.go:177.62,179.4 1 0
github.com/didww/didww-api-3-go-sdk/resources.go:180.3,180.19 1 5
github.com/didww/didww-api-3-go-sdk/resources.go:181.10,183.18 1 0
github.com/didww/didww-api-3-go-sdk/resources.go:206.57,214.50 3 8
github.com/didww/didww-api-3-go-sdk/resources.go:214.50,216.3 1 0
github.com/didww/didww-api-3-go-sdk/resources.go:217.2,217.63 1 8
github.com/didww/didww-api-3-go-sdk/resources.go:217.63,219.17 2 8
github.com/didww/didww-api-3-go-sdk/resources.go:219.17,221.4 1 0
github.com/didww/didww-api-3-go-sdk/resources.go:222.3,222.27 1 8
github.com/didww/didww-api-3-go-sdk/resources.go:224.2,224.12 1 8
github.com/didww/didww-api-3-go-sdk/resources.go:228.53,236.28 3 3
github.com/didww/didww-api-3-go-sdk/resources.go:236.28,241.17 3 2
github.com/didww/didww-api-3-go-sdk/resources.go:241.17,243.4 1 0
github.com/didww/didww-api-3-go-sdk/resources.go:244.3,246.17 3 2
github.com/didww/didww-api-3-go-sdk/resources.go:246.17,248.4 1 0
github.com/didww/didww-api-3-go-sdk/resources.go:249.3,249.22 1 2
github.com/didww/didww-api-3-go-sdk/resources.go:251.2,251.26 1 3
github.com/didww/didww-api-3-go-sdk/resources.go:255.112,256.70 1 6
github.com/didww/didww-api-3-go-sdk/resources.go:256.70,258.3 1 0
github.com/didww/didww-api-3-go-sdk/resources.go:258.8,258.23 1 6
github.com/didww/didww-api-3-go-sdk/resources.go:258.23,260.3 1 1
github.com/didww/didww-api-3-go-sdk/resources.go:261.2,261.103 1 6
github.com/didww/didww-api-3-go-sdk/resources.go:261.103,263.3 1 0
github.com/didww/didww-api-3-go-sdk/resources.go:263.8,263.25 1 6
github.com/didww/didww-api-3-go-sdk/resources.go:263.25,265.3 1 0
github.com/didww/didww-api-3-go-sdk/resources.go:266.2,266.12 1 6
github.com/didww/didww-api-3-go-sdk/resources.go:282.76,284.32 2 1
github.com/didww/didww-api-3-go-sdk/resources.go:284.32,286.40 2 1
github.com/didww/didww-api-3-go-sdk/resources.go:286.40,288.4 1 2
github.com/didww/didww-api-3-go-sdk/resources.go:289.3,289.53 1 1
github.com/didww/didww-api-3-go-sdk/resources.go:291.2,291.18 1 1
github.com/didww/didww-api-3-go-sdk/resources.go:295.117,296.95 1 2
github.com/didww/didww-api-3-go-sdk/resources.go:296.95,298.3 1 0
github.com/didww/didww-api-3-go-sdk/resources.go:298.8,298.26 1 2
github.com/didww/didww-api-3-go-sdk/resources.go:298.26,300.3 1 2
github.com/didww/didww-api-3-go-sdk/resources.go:301.2,301.12 1 2
github.com/didww/didww-api-3-go-sdk/resources.go:334.72,336.26 2 1
github.com/didww/didww-api-3-go-sdk/resources.go:336.26,338.3 1 1
github.com/didww/didww-api-3-go-sdk/resources.go:339.2,339.23 1 1
github.com/didww/didww-api-3-go-sdk/resources.go:339.23,341.31 2 1
github.com/didww/didww-api-3-go-sdk/resources.go:341.31,343.4 1 1
github.com/didww/didww-api-3-go-sdk/resources.go:344.3,344.42 1 1
github.com/didww/didww-api-3-go-sdk/resources.go:346.2,346.18 1 1
github.com/didww/didww-api-3-go-sdk/resources.go:350.113,351.85 1 1
github.com/didww/didww-api-3-go-sdk/resources.go:351.85,353.3 1 0
github.com/didww/didww-api-3-go-sdk/resources.go:353.8,353.30 1 1
github.com/didww/didww-api-3-go-sdk/resources.go:353.30,355.3 1 1
github.com/didww/didww-api-3-go-sdk/resources.go:356.2,356.73 1 1
github.com/didww/didww-api-3-go-sdk/resources.go:356.73,358.3 1 0
github.com/didww/didww-api-3-go-sdk/resources.go:358.8,358.24 1 1
github.com/didww/didww-api-3-go-sdk/resources.go:358.24,360.3 1 1
github.com/didww/didww-api-3-go-sdk/resources.go:361.2,361.12 1 1
github.com/didww/didww-api-3-go-sdk/resources.go:385.103,386.76 1 26
github.com/didww/didww-api-3-go-sdk/resources.go:386.76,388.3 1 0
github.com/didww/didww-api-3-go-sdk/resources.go:388.8,388.25 1 26
github.com/didww/didww-api-3-go-sdk/resources.go:388.25,390.3 1 3
github.com/didww/didww-api-3-go-sdk/resources.go:391.2,391.102 1 26
github.com/didww/didww-api-3-go-sdk/resources.go:391.102,393.3 1 0
github.com/didww/didww-api-3-go-sdk/resources.go:393.8,393.22 1 26
github.com/didww/didww-api-3-go-sdk/resources.go:393.22,395.3 1 1
github.com/didww/didww-api-3-go-sdk/resources.go:396.2,396.80 1 26
github.com/didww/didww-api-3-go-sdk/resources.go:396.80,398.3 1 0
github.com/didww/didww-api-3-go-sdk/resources.go:398.8,398.22 1 26
github.com/didww/didww-api-3-go-sdk/resources.go:398.22,400.3 1 1
github.com/didww/didww-api-3-go-sdk/resources.go:401.2,401.12 1 26
github.com/didww/didww-api-3-go-sdk/resources.go:424.60,427.2 2 8
github.com/didww/didww-api-3-go-sdk/resources.go:473.67,475.23 2 1
github.com/didww/didww-api-3-go-sdk/resources.go:475.23,477.3 1 1
github.com/didww/didww-api-3-go-sdk/resources.go:478.2,478.18 1 1
github.com/didww/didww-api-3-go-sdk/resources.go:482.108,483.82 1 4
github.com/didww/didww-api-3-go-sdk/resources.go:483.82,485.3 1 0
github.com/didww/didww-api-3-go-sdk/resources.go:485.8,485.27 1 4
github.com/didww/didww-api-3-go-sdk/resources.go:485.27,487.3 1 3
github.com/didww/didww-api-3-go-sdk/resources.go:488.2,488.12 1 4
github.com/didww/didww-api-3-go-sdk/resources.go:521.109,522.82 1 4
github.com/didww/didww-api-3-go-sdk/resources.go:522.82,524.3 1 0
github.com/didww/didww-api-3-go-sdk/resources.go:524.8,524.27 1 4
github.com/didww/didww-api-3-go-sdk/resources.go:524.27,526.3 1 1
github.com/didww/didww-api-3-go-sdk/resources.go:527.2,527.73 1 4
github.com/didww/didww-api-3-go-sdk/resources.go:527.73,529.3 1 0
github.com/didww/didww-api-3-go-sdk/resources.go:529.8,529.24 1 4
github.com/didww/didww-api-3-go-sdk/resources.go:529.24,531.3 1 1
github.com/didww/didww-api-3-go-sdk/resources.go:532.2,532.79 1 4
github.com/didww/didww-api-3-go-sdk/resources.go:532.79,534.3 1 0
github.com/didww/didww-api-3-go-sdk/resources.go:534.8,534.26 1 4
github.com/didww/didww-api-3-go-sdk/resources.go:534.26,536.3 1 0
github.com/didww/didww-api-3-go-sdk/resources.go:537.2,537.90 1 4
github.com/didww/didww-api-3-go-sdk/resources.go:537.90,539.3 1 0
github.com/didww/didww-api-3-go-sdk/resources.go:539.8,539.23 1 4
github.com/didww/didww-api-3-go-sdk/resources.go:539.23,541.3 1 1
github.com/didww/didww-api-3-go-sdk/resources.go:542.2,542.101 1 4
github.com/didww/didww-api-3-go-sdk/resources.go:542.101,544.3 1 0
github.com/didww/didww-api-3-go-sdk/resources.go:544.8,544.24 1 4
github.com/didww/didww-api-3-go-sdk/resources.go:544.24,546.3 1 3
github.com/didww/didww-api-3-go-sdk/resources.go:547.2,547.12 1 4
github.com/didww/didww-api-3-go-sdk/resources.go:591.113,592.87 1 2
github.com/didww/didww-api-3-go-sdk/resources.go:592.87,594.3 1 0
github.com/didww/didww-api-3-go-sdk/resources.go:594.8,594.29 1 2
github.com/didww/didww-api-3-go-sdk/resources.go:594.29,596.3 1 1
github.com/didww/didww-api-3-go-sdk/resources.go:597.2,597.109 1 2
github.com/didww/didww-api-3-go-sdk/resources.go:597.109,599.3 1 0
github.com/didww/didww-api-3-go-sdk/resources.go:599.8,599.26 1 2
github.com/didww/didww-api-3-go-sdk/resources.go:599.26,601.3 1 1
github.com/didww/didww-api-3-go-sdk/resources.go:602.2,602.103 1 2
github.com/didww/didww-api-3-go-sdk/resources.go:602.103,604.3 1 0
github.com/didww/didww-api-3-go-sdk/resources.go:604.8,604.28 1 2
github.com/didww/didww-api-3-go-sdk/resources.go:604.28,606.3 1 1
github.com/didww/didww-api-3-go-sdk/resources.go:607.2,607.12 1 2
github.com/didww/didww-api-3-go-sdk/resources.go:625.78,627.28 2 1
github.com/didww/didww-api-3-go-sdk/resources.go:627.28,629.3 1 1
github.com/didww/didww-api-3-go-sdk/resources.go:630.2,630.18 1 1
github.com/didww/didww-api-3-go-sdk/resources.go:634.119,635.90 1 5
github.com/didww/didww-api-3-go-sdk/resources.go:635.90,637.3 1 0
github.com/didww/didww-api-3-go-sdk/resources.go:637.8,637.24 1 5
github.com/didww/didww-api-3-go-sdk/resources.go:637.24,639.3 1 1
github.com/didww/didww-api-3-go-sdk/resources.go:640.2,640.73 1 5
github.com/didww/didww-api-3-go-sdk/resources.go:640.73,642.3 1 0
github.com/didww/didww-api-3-go-sdk/resources.go:642.8,642.24 1 5
github.com/didww/didww-api-3-go-sdk/resources.go:642.24,644.3 1 2
github.com/didww/didww-api-3-go-sdk/resources.go:645.2,645.12 1 5
github.com/didww/didww-api-3-go-sdk/resources.go:667.66,669.23 2 1
github.com/didww/didww-api-3-go-sdk/resources.go:669.23,671.3 1 1
github.com/didww/didww-api-3-go-sdk/resources.go:672.2,672.24 1 1
github.com/didww/didww-api-3-go-sdk/resources.go:672.24,674.3 1 1
github.com/didww/didww-api-3-go-sdk/resources.go:675.2,675.18 1 1
github.com/didww/didww-api-3-go-sdk/resources.go:679.107,680.82 1 4
github.com/didww/didww-api-3-go-sdk/resources.go:680.82,682.3 1 0
github.com/didww/didww-api-3-go-sdk/resources.go:682.8,682.27 1 4
github.com/didww/didww-api-3-go-sdk/resources.go:682.27,684.3 1 2
github.com/didww/didww-api-3-go-sdk/resources.go:685.2,685.85 1 4
github.com/didww/didww-api-3-go-sdk/resources.go:685.85,687.3 1 0
github.com/didww/didww-api-3-go-sdk/resources.go:687.8,687.28 1 4
github.com/didww/didww-api-3-go-sdk/resources.go:687.28,689.3 1 1
github.com/didww/didww-api-3-go-sdk/resources.go:690.2,690.79 1 4
github.com/didww/didww-api-3-go-sdk/resources.go:690.79,692.3 1 0
github.com/didww/didww-api-3-go-sdk/resources.go:692.8,692.26 1 4
github.com/didww/didww-api-3-go-sdk/resources.go:692.26,694.3 1 1
github.com/didww/didww-api-3-go-sdk/resources.go:695.2,695.12 1 4
github.com/didww/didww-api-3-go-sdk/resources.go:708.112,709.80 1 3
github.com/didww/didww-api-3-go-sdk/resources.go:709.80,711.3 1 0
github.com/didww/didww-api-3-go-sdk/resources.go:711.8,711.22 1 3
github.com/didww/didww-api-3-go-sdk/resources.go:711.22,713.3 1 2
github.com/didww/didww-api-3-go-sdk/resources.go:714.2,714.86 1 3
github.com/didww/didww-api-3-go-sdk/resources.go:714.86,716.3 1 0
github.com/didww/didww-api-3-go-sdk/resources.go:716.8,716.22 1 3
github.com/didww/didww-api-3-go-sdk/resources.go:716.22,718.3 1 1
github.com/didww/didww-api-3-go-sdk/resources.go:719.2,719.12 1 3
github.com/didww/didww-api-3-go-sdk/resources.go:735.73,737.28 2 1
github.com/didww/didww-api-3-go-sdk/resources.go:737.28,739.3 1 1
github.com/didww/didww-api-3-go-sdk/resources.go:740.2,740.18 1 1
github.com/didww/didww-api-3-go-sdk/resources.go:744.114,745.88 1 1
github.com/didww/didww-api-3-go-sdk/resources.go:745.88,747.3 1 0
github.com/didww/didww-api-3-go-sdk/resources.go:747.8,747.22 1 1
github.com/didww/didww-api-3-go-sdk/resources.go:747.22,749.3 1 1
github.com/didww/didww-api-3-go-sdk/resources.go:750.2,750.12 1 1
github.com/didww/didww-api-3-go-sdk/resources.go:769.64,772.44 2 4
github.com/didww/didww-api-3-go-sdk/resources.go:772.44,774.3 1 3
github.com/didww/didww-api-3-go-sdk/resources.go:776.2,776.25 1 4
github.com/didww/didww-api-3-go-sdk/resources.go:776.25,778.3 1 4
github.com/didww/didww-api-3-go-sdk/resources.go:780.2,780.24 1 4
github.com/didww/didww-api-3-go-sdk/resources.go:780.24,782.32 2 3
github.com/didww/didww-api-3-go-sdk/resources.go:782.32,784.4 1 3
github.com/didww/didww-api-3-go-sdk/resources.go:785.3,785.43 1 3
github.com/didww/didww-api-3-go-sdk/resources.go:788.2,788.18 1 4
github.com/didww/didww-api-3-go-sdk/resources.go:792.79,793.35 1 6
github.com/didww/didww-api-3-go-sdk/resources.go:793.35,795.17 2 6
github.com/didww/didww-api-3-go-sdk/resources.go:795.17,797.4 1 0
github.com/didww/didww-api-3-go-sdk/resources.go:798.3,798.17 1 6
github.com/didww/didww-api-3-go-sdk/resources.go:798.17,801.4 2 1
github.com/didww/didww-api-3-go-sdk/resources.go:804.2,804.39 1 6
github.com/didww/didww-api-3-go-sdk/resources.go:804.39,806.17 2 6
github.com/didww/didww-api-3-go-sdk/resources.go:806.17,808.4 1 0
github.com/didww/didww-api-3-go-sdk/resources.go:809.3,809.17 1 6
github.com/didww/didww-api-3-go-sdk/resources.go:809.17,811.4 1 3
github.com/didww/didww-api-3-go-sdk/resources.go:814.2,814.12 1 6
github.com/didww/didww-api-3-go-sdk/resources.go:818.105,819.82 1 3
github.com/didww/didww-api-3-go-sdk/resources.go:819.82,821.3 1 0
github.com/didww/didww-api-3-go-sdk/resources.go:821.8,821.22 1 3
github.com/didww/didww-api-3-go-sdk/resources.go:821.22,823.3 1 2
github.com/didww/didww-api-3-go-sdk/resources.go:824.2,824.12 1 3
github.com/didww/didww-api-3-go-sdk/resources.go:851.79,853.24 2 1
github.com/didww/didww-api-3-go-sdk/resources.go:853.24,855.3 1 1
github.com/didww/didww-api-3-go-sdk/resources.go:856.2,856.24 1 1
github.com/didww/didww-api-3-go-sdk/resources.go:856.24,858.32 2 1
github.com/didww/didww-api-3-go-sdk/resources.go:858.32,860.4 1 1
github.com/didww/didww-api-3-go-sdk/resources.go:861.3,861.42 1 1
github.com/didww/didww-api-3-go-sdk/resources.go:863.2,863.18 1 1
github.com/didww/didww-api-3-go-sdk/resources.go:867.120,868.79 1 3
github.com/didww/didww-api-3-go-sdk/resources.go:868.79,870.3 1 0
github.com/didww/didww-api-3-go-sdk/resources.go:870.8,870.24 1 3
github.com/didww/didww-api-3-go-sdk/resources.go:870.24,872.3 1 2
github.com/didww/didww-api-3-go-sdk/resources.go:873.2,873.12 1 3
github.com/didww/didww-api-3-go-sdk/resources.go:893.111,894.82 1 2
github.com/didww/didww-api-3-go-sdk/resources.go:894.82,896.3 1 0
github.com/didww/didww-api-3-go-sdk/resources.go:896.8,896.27 1 2
github.com/didww/didww-api-3-go-sdk/resources.go:896.27,898.3 1 1
github.com/didww/didww-api-3-go-sdk/resources.go:899.2,899.12 1 2
github.com/didww/didww-api-3-go-sdk/resources.go:929.111,930.82 1 1
github.com/didww/didww-api-3-go-sdk/resources.go:930.82,932.3 1 0
github.com/didww/didww-api-3-go-sdk/resources.go:932.8,932.27 1 1
github.com/didww/didww-api-3-go-sdk/resources.go:932.27,934.3 1 1
github.com/didww/didww-api-3-go-sdk/resources.go:935.2,935.90 1 1
github.com/didww/didww-api-3-go-sdk/resources.go:935.90,937.3 1 0
github.com/didww/didww-api-3-go-sdk/resources.go:937.8,937.23 1 1
github.com/didww/didww-api-3-go-sdk/resources.go:937.23,939.3 1 1
github.com/didww/didww-api-3-go-sdk/resources.go:940.2,940.117 1 1
github.com/didww/didww-api-3-go-sdk/resources.go:940.117,942.3 1 0
github.com/didww/didww-api-3-go-sdk/resources.go:942.8,942.23 1 1
github.com/didww/didww-api-3-go-sdk/resources.go:942.23,944.3 1 1
github.com/didww/didww-api-3-go-sdk/resources.go:945.2,945.117 1 1
github.com/didww/didww-api-3-go-sdk/resources.go:945.117,947.3 1 0
github.com/didww/didww-api-3-go-sdk/resources.go:947.8,947.23 1 1
github.com/didww/didww-api-3-go-sdk/resources.go:947.23,949.3 1 1
github.com/didww/didww-api-3-go-sdk/resources.go:950.2,950.115 1 1
github.com/didww/didww-api-3-go-sdk/resources.go:950.115,952.3 1 0
github.com/didww/didww-api-3-go-sdk/resources.go:952.8,952.23 1 1
github.com/didww/didww-api-3-go-sdk/resources.go:952.23,954.3 1 1
github.com/didww/didww-api-3-go-sdk/resources.go:955.2,955.115 1 1
github.com/didww/didww-api-3-go-sdk/resources.go:955.115,957.3 1 0
github.com/didww/didww-api-3-go-sdk/resources.go:957.8,957.23 1 1
github.com/didww/didww-api-3-go-sdk/resources.go:957.23,959.3 1 1
github.com/didww/didww-api-3-go-sdk/resources.go:960.2,960.94 1 1
github.com/didww/didww-api-3-go-sdk/resources.go:960.94,962.3 1 0
github.com/didww/didww-api-3-go-sdk/resources.go:962.8,962.23 1 1
github.com/didww/didww-api-3-go-sdk/resources.go:962.23,964.3 1 1
github.com/didww/didww-api-3-go-sdk/resources.go:965.2,965.94 1 1
github.com/didww/didww-api-3-go-sdk/resources.go:965.94,967.3 1 0
github.com/didww/didww-api-3-go-sdk/resources.go:967.8,967.23 1 1
github.com/didww/didww-api-3-go-sdk/resources.go:967.23,969.3 1 1
github.com/didww/didww-api-3-go-sdk/resources.go:970.2,970.93 1 1
github.com/didww/didww-api-3-go-sdk/resources.go:970.93,972.3 1 0
github.com/didww/didww-api-3-go-sdk/resources.go:972.8,972.23 1 1
github.com/didww/didww-api-3-go-sdk/resources.go:972.23,974.3 1 1
github.com/didww/didww-api-3-go-sdk/resources.go:975.2,975.12 1 1
github.com/didww/didww-api-3-go-sdk/resources.go:988.81,990.24 2 2
github.com/didww/didww-api-3-go-sdk/resources.go:990.24,992.3 1 2
github.com/didww/didww-api-3-go-sdk/resources.go:993.2,993.25 1 2
github.com/didww/didww-api-3-go-sdk/resources.go:993.25,995.3 1 1
github.com/didww/didww-api-3-go-sdk/resources.go:996.2,996.28 1 2
github.com/didww/didww-api-3-go-sdk/resources.go:996.28,998.3 1 2
github.com/didww/didww-api-3-go-sdk/resources.go:999.2,999.18 1 2
github.com/didww/didww-api-3-go-sdk/resources.go:1030.86,1032.24 2 1
github.com/didww/didww-api-3-go-sdk/resources.go:1032.24,1034.3 1 1
github.com/didww/didww-api-3-go-sdk/resources.go:1035.2,1035.24 1 1
github.com/didww/didww-api-3-go-sdk/resources.go:1035.24,1037.3 1 1
github.com/didww/didww-api-3-go-sdk/resources.go:1038.2,1038.24 1 1
github.com/didww/didww-api-3-go-sdk/resources.go:1038.24,1040.32 2 1
github.com/didww/didww-api-3-go-sdk/resources.go:1040.32,1042.4 1 1
github.com/didww/didww-api-3-go-sdk/resources.go:1043.3,1043.43 1 1
github.com/didww/didww-api-3-go-sdk/resources.go:1045.2,1045.18 1 1
github.com/didww/didww-api-3-go-sdk/resources.go:1049.127,1050.99 1 1
github.com/didww/didww-api-3-go-sdk/resources.go:1050.99,1052.3 1 0
github.com/didww/didww-api-3-go-sdk/resources.go:1052.8,1052.24 1 1
github.com/didww/didww-api-3-go-sdk/resources.go:1052.24,1054.3 1 1
github.com/didww/didww-api-3-go-sdk/resources.go:1055.2,1055.12 1 1
